[INFO] Scanning for projects...
[INFO] 
[INFO] --------------------< com.mutuelle:mutuelle-mobile >--------------------
[INFO] Building mutuelle-mobile 0.0.1-SNAPSHOT
[INFO]   from pom.xml
[INFO] --------------------------------[ jar ]---------------------------------
[INFO] 
[INFO] >>> spring-boot:3.2.3:run (default-cli) > test-compile @ mutuelle-mobile >>>
[INFO] 
[INFO] --- resources:3.3.1:resources (default-resources) @ mutuelle-mobile ---
[INFO] Copying 2 resources from src\main\resources to target\classes
[INFO] Copying 0 resource from src\main\resources to target\classes
[INFO] 
[INFO] --- compiler:3.11.0:compile (default-compile) @ mutuelle-mobile ---
[INFO] Nothing to compile - all classes are up to date
[INFO] 
[INFO] --- resources:3.3.1:testResources (default-testResources) @ mutuelle-mobile ---
[INFO] skip non existing resourceDirectory D:\MutuelleNehemie\CODE\mutuelle-backend\src\test\resources
[INFO] 
[INFO] --- compiler:3.11.0:testCompile (default-testCompile) @ mutuelle-mobile ---
[INFO] No sources to compile
[INFO] 
[INFO] <<< spring-boot:3.2.3:run (default-cli) < test-compile @ mutuelle-mobile <<<
[INFO] 
[INFO] 
[INFO] --- spring-boot:3.2.3:run (default-cli) @ mutuelle-mobile ---
[INFO] Attaching agents: []

  .   ____          _            __ _ _
 /\\ / ___'_ __ _ _(_)_ __  __ _ \ \ \ \
( ( )\___ | '_ | '_| | '_ \/ _` | \ \ \ \
 \\/  ___)| |_)| | | | | || (_| |  ) ) ) )
  '  |____| .__|_| |_|_| |_\__, | / / / /
 =========|_|==============|___/=/_/_/_/
 :: Spring Boot ::                (v3.2.3)

2026-04-01T10:57:43.102+01:00  INFO 16128 --- [mutuelle-mobile] [           main] com.mutuelle.MutuelleApplication         : Starting MutuelleApplication using Java 22.0.2 with PID 16128 (D:\MutuelleNehemie\CODE\mutuelle-backend\target\classes started by bbatc in D:\MutuelleNehemie\CODE\mutuelle-backend)
2026-04-01T10:57:43.102+01:00 DEBUG 16128 --- [mutuelle-mobile] [           main] com.mutuelle.MutuelleApplication         : Running with Spring Boot v3.2.3, Spring v6.1.4
2026-04-01T10:57:43.102+01:00  INFO 16128 --- [mutuelle-mobile] [           main] com.mutuelle.MutuelleApplication         : No active profile set, falling back to 1 default profile: "default"
2026-04-01T10:57:44.452+01:00  INFO 16128 --- [mutuelle-mobile] [           main] .s.d.r.c.RepositoryConfigurationDelegate : Bootstrapping Spring Data JPA repositories in DEFAULT mode.
2026-04-01T10:57:44.552+01:00  INFO 16128 --- [mutuelle-mobile] [           main] .s.d.r.c.RepositoryConfigurationDelegate : Finished Spring Data repository scanning in 90 ms. Found 24 JPA repository interfaces.
2026-04-01T10:57:45.173+01:00  INFO 16128 --- [mutuelle-mobile] [           main] o.s.b.w.embedded.tomcat.TomcatWebServer  : Tomcat initialized with port 8080 (http)
2026-04-01T10:57:45.189+01:00  INFO 16128 --- [mutuelle-mobile] [           main] o.apache.catalina.core.StandardService   : Starting service [Tomcat]
2026-04-01T10:57:45.189+01:00  INFO 16128 --- [mutuelle-mobile] [           main] o.apache.catalina.core.StandardEngine    : Starting Servlet engine: [Apache Tomcat/10.1.19]
2026-04-01T10:57:45.264+01:00  INFO 16128 --- [mutuelle-mobile] [           main] o.a.c.c.C.[Tomcat].[localhost].[/api]    : Initializing Spring embedded WebApplicationContext
2026-04-01T10:57:45.264+01:00  INFO 16128 --- [mutuelle-mobile] [           main] w.s.c.ServletWebServerApplicationContext : Root WebApplicationContext: initialization completed in 2058 ms
2026-04-01T10:57:45.298+01:00  INFO 16128 --- [mutuelle-mobile] [           main] com.zaxxer.hikari.HikariDataSource       : HikariPool-1 - Starting...
2026-04-01T10:57:45.542+01:00  INFO 16128 --- [mutuelle-mobile] [           main] com.zaxxer.hikari.pool.HikariPool        : HikariPool-1 - Added connection conn0: url=jdbc:h2:file:./mutuelleN user=SA
2026-04-01T10:57:45.543+01:00  INFO 16128 --- [mutuelle-mobile] [           main] com.zaxxer.hikari.HikariDataSource       : HikariPool-1 - Start completed.
2026-04-01T10:57:45.553+01:00  INFO 16128 --- [mutuelle-mobile] [           main] o.s.b.a.h2.H2ConsoleAutoConfiguration    : H2 console available at '/h2-console'. Database available at 'jdbc:h2:file:./mutuelleN'
2026-04-01T10:57:45.658+01:00  INFO 16128 --- [mutuelle-mobile] [           main] o.hibernate.jpa.internal.util.LogHelper  : HHH000204: Processing PersistenceUnitInfo [name: default]
2026-04-01T10:57:45.698+01:00  INFO 16128 --- [mutuelle-mobile] [           main] org.hibernate.Version                    : HHH000412: Hibernate ORM core version 6.4.4.Final
2026-04-01T10:57:45.726+01:00  INFO 16128 --- [mutuelle-mobile] [           main] o.h.c.internal.RegionFactoryInitiator    : HHH000026: Second-level cache disabled
2026-04-01T10:57:45.893+01:00  INFO 16128 --- [mutuelle-mobile] [           main] o.s.o.j.p.SpringPersistenceUnitInfo      : No LoadTimeWeaver setup: ignoring JPA class transformer
2026-04-01T10:57:45.932+01:00  WARN 16128 --- [mutuelle-mobile] [           main] org.hibernate.orm.deprecation            : HHH90000025: H2Dialect does not need to be specified explicitly using 'hibernate.dialect' (remove the property setting and it will be selected by default)
2026-04-01T10:57:47.161+01:00  INFO 16128 --- [mutuelle-mobile] [           main] o.h.e.t.j.p.i.JtaPlatformInitiator       : HHH000489: No JTA platform available (set 'hibernate.transaction.jta.platform' to enable JTA platform integration)
2026-04-01T10:57:47.236+01:00  INFO 16128 --- [mutuelle-mobile] [           main] j.LocalContainerEntityManagerFactoryBean : Initialized JPA EntityManagerFactory for persistence unit 'default'
2026-04-01T10:57:47.571+01:00 DEBUG 16128 --- [mutuelle-mobile] [           main] c.m.config.JwtAuthenticationFilter       : Filter 'jwtAuthenticationFilter' configured for use
2026-04-01T10:57:48.315+01:00  WARN 16128 --- [mutuelle-mobile] [           main] JpaBaseConfiguration$JpaWebConfiguration : spring.jpa.open-in-view is enabled by default. Therefore, database queries may be performed during view rendering. Explicitly configure spring.jpa.open-in-view to disable this warning
2026-04-01T10:57:48.605+01:00  INFO 16128 --- [mutuelle-mobile] [           main] o.s.s.web.DefaultSecurityFilterChain     : Will secure any request with [org.springframework.security.web.session.DisableEncodeUrlFilter@1b7c1c6f, org.springframework.security.web.context.request.async.WebAsyncManagerIntegrationFilter@5f9b37b5, org.springframework.security.web.context.SecurityContextHolderFilter@7bb6a1f4, org.springframework.security.web.header.HeaderWriterFilter@441a2d52, org.springframework.web.filter.CorsFilter@2f5a23c1, org.springframework.security.web.authentication.logout.LogoutFilter@4c1f4817, com.mutuelle.config.JwtAuthenticationFilter@55f29d39, org.springframework.security.web.savedrequest.RequestCacheAwareFilter@27215154, org.springframework.security.web.servletapi.SecurityContextHolderAwareRequestFilter@6bca3b27, org.springframework.security.web.authentication.AnonymousAuthenticationFilter@17abef0f, org.springframework.security.web.session.SessionManagementFilter@5fd0235c, org.springframework.security.web.access.ExceptionTranslationFilter@14bb16ee, org.springframework.security.web.access.intercept.AuthorizationFilter@33fefbbe]
2026-04-01T10:57:48.935+01:00  INFO 16128 --- [mutuelle-mobile] [           main] o.s.b.w.embedded.tomcat.TomcatWebServer  : Tomcat started on port 8080 (http) with context path '/api'
2026-04-01T10:57:48.936+01:00  INFO 16128 --- [mutuelle-mobile] [           main] com.mutuelle.MutuelleApplication         : Started MutuelleApplication in 6.752 seconds (process running for 7.56)
Hibernate: 
    select
        count(*) 
    from
        "cashbox" c1_0
Hibernate: 
    select
        u1_0."id",
        u1_0."address",
        u1_0."avatar",
        u1_0."created_at",
        u1_0."email",
        u1_0."first_name",
        u1_0."name",
        u1_0."password",
        u1_0."tel",
        u1_0."type",
        u1_0."updated_at" 
    from
        "user" u1_0 
    where
        u1_0."email"=?
[INFO] ------------------------------------------------------------------------
[INFO] BUILD FAILURE
[INFO] ------------------------------------------------------------------------
[INFO] Total time:  04:09 min
[INFO] Finished at: 2026-04-01T11:01:48+01:00
[INFO] ------------------------------------------------------------------------
[ERROR] Failed to execute goal org.springframework.boot:spring-boot-maven-plugin:3.2.3:run (default-cli) on project mutuelle-mobile: Process terminated with exit code: -1 -> [Help 1]
[ERROR] 
[ERROR] To see the full stack trace of the errors, re-run Maven with the -e switch.
[ERROR] Re-run Maven using the -X switch to enable full debug logging.
[ERROR] 
[ERROR] For more information about the errors and possible solutions, please read the following articles:
[ERROR] [Help 1] http://cwiki.apache.org/confluence/display/MAVEN/MojoExecutionException
