[INFO] Scanning for projects...
[INFO] 
[INFO] --------------------< com.mutuelle:mutuelle-mobile >--------------------
[INFO] Building mutuelle-mobile 0.0.1-SNAPSHOT
[INFO]   from pom.xml
[INFO] --------------------------------[ jar ]---------------------------------
[INFO] 
[INFO] >>> spring-boot:3.2.3:run (default-cli) > test-compile @ mutuelle-mobile >>>
[INFO] 
[INFO] --- resources:3.3.1:resources (default-resources) @ mutuelle-mobile ---
[INFO] Copying 1 resource from src\main\resources to target\classes
[INFO] Copying 1 resource from src\main\resources to target\classes
[INFO] 
[INFO] --- compiler:3.11.0:compile (default-compile) @ mutuelle-mobile ---
[INFO] Nothing to compile - all classes are up to date
[INFO] 
[INFO] --- resources:3.3.1:testResources (default-testResources) @ mutuelle-mobile ---
[INFO] skip non existing resourceDirectory D:\MutuelleNehemie\CODE\mutuelle-backend\src\test\resources
[INFO] 
[INFO] --- compiler:3.11.0:testCompile (default-testCompile) @ mutuelle-mobile ---
[INFO] No sources to compile
[INFO] 
[INFO] <<< spring-boot:3.2.3:run (default-cli) < test-compile @ mutuelle-mobile <<<
[INFO] 
[INFO] 
[INFO] --- spring-boot:3.2.3:run (default-cli) @ mutuelle-mobile ---
[INFO] Attaching agents: []

  .   ____          _            __ _ _
 /\\ / ___'_ __ _ _(_)_ __  __ _ \ \ \ \
( ( )\___ | '_ | '_| | '_ \/ _` | \ \ \ \
 \\/  ___)| |_)| | | | | || (_| |  ) ) ) )
  '  |____| .__|_| |_|_| |_\__, | / / / /
 =========|_|==============|___/=/_/_/_/
 :: Spring Boot ::                (v3.2.3)

2026-04-01T12:13:33.079+01:00  INFO 21992 --- [mutuelle-mobile] [           main] com.mutuelle.MutuelleApplication         : Starting MutuelleApplication using Java 22.0.2 with PID 21992 (D:\MutuelleNehemie\CODE\mutuelle-backend\target\classes started by bbatc in D:\MutuelleNehemie\CODE\mutuelle-backend)
2026-04-01T12:13:33.082+01:00 DEBUG 21992 --- [mutuelle-mobile] [           main] com.mutuelle.MutuelleApplication         : Running with Spring Boot v3.2.3, Spring v6.1.4
2026-04-01T12:13:33.082+01:00  INFO 21992 --- [mutuelle-mobile] [           main] com.mutuelle.MutuelleApplication         : No active profile set, falling back to 1 default profile: "default"
2026-04-01T12:13:34.459+01:00  INFO 21992 --- [mutuelle-mobile] [           main] .s.d.r.c.RepositoryConfigurationDelegate : Bootstrapping Spring Data JPA repositories in DEFAULT mode.
2026-04-01T12:13:34.559+01:00  INFO 21992 --- [mutuelle-mobile] [           main] .s.d.r.c.RepositoryConfigurationDelegate : Finished Spring Data repository scanning in 98 ms. Found 24 JPA repository interfaces.
2026-04-01T12:13:35.226+01:00  INFO 21992 --- [mutuelle-mobile] [           main] o.s.b.w.embedded.tomcat.TomcatWebServer  : Tomcat initialized with port 8080 (http)
2026-04-01T12:13:35.242+01:00  INFO 21992 --- [mutuelle-mobile] [           main] o.apache.catalina.core.StandardService   : Starting service [Tomcat]
2026-04-01T12:13:35.242+01:00  INFO 21992 --- [mutuelle-mobile] [           main] o.apache.catalina.core.StandardEngine    : Starting Servlet engine: [Apache Tomcat/10.1.19]
2026-04-01T12:13:35.292+01:00  INFO 21992 --- [mutuelle-mobile] [           main] o.a.c.c.C.[Tomcat].[localhost].[/api]    : Initializing Spring embedded WebApplicationContext
2026-04-01T12:13:35.292+01:00  INFO 21992 --- [mutuelle-mobile] [           main] w.s.c.ServletWebServerApplicationContext : Root WebApplicationContext: initialization completed in 2100 ms
2026-04-01T12:13:35.420+01:00  INFO 21992 --- [mutuelle-mobile] [           main] o.hibernate.jpa.internal.util.LogHelper  : HHH000204: Processing PersistenceUnitInfo [name: default]
2026-04-01T12:13:35.477+01:00  INFO 21992 --- [mutuelle-mobile] [           main] org.hibernate.Version                    : HHH000412: Hibernate ORM core version 6.4.4.Final
2026-04-01T12:13:35.501+01:00  INFO 21992 --- [mutuelle-mobile] [           main] o.h.c.internal.RegionFactoryInitiator    : HHH000026: Second-level cache disabled
2026-04-01T12:13:35.679+01:00  INFO 21992 --- [mutuelle-mobile] [           main] o.s.o.j.p.SpringPersistenceUnitInfo      : No LoadTimeWeaver setup: ignoring JPA class transformer
2026-04-01T12:13:35.704+01:00  INFO 21992 --- [mutuelle-mobile] [           main] com.zaxxer.hikari.HikariDataSource       : HikariPool-1 - Starting...
2026-04-01T12:13:35.842+01:00  INFO 21992 --- [mutuelle-mobile] [           main] com.zaxxer.hikari.pool.HikariPool        : HikariPool-1 - Added connection com.mysql.cj.jdbc.ConnectionImpl@2520aa05
2026-04-01T12:13:35.842+01:00  INFO 21992 --- [mutuelle-mobile] [           main] com.zaxxer.hikari.HikariDataSource       : HikariPool-1 - Start completed.
2026-04-01T12:13:35.859+01:00  WARN 21992 --- [mutuelle-mobile] [           main] org.hibernate.orm.deprecation            : HHH90000025: MySQL8Dialect does not need to be specified explicitly using 'hibernate.dialect' (remove the property setting and it will be selected by default)
2026-04-01T12:13:35.859+01:00  WARN 21992 --- [mutuelle-mobile] [           main] org.hibernate.orm.deprecation            : HHH90000026: MySQL8Dialect has been deprecated; use org.hibernate.dialect.MySQLDialect instead
2026-04-01T12:13:37.139+01:00  INFO 21992 --- [mutuelle-mobile] [           main] o.h.e.t.j.p.i.JtaPlatformInitiator       : HHH000489: No JTA platform available (set 'hibernate.transaction.jta.platform' to enable JTA platform integration)
2026-04-01T12:13:37.676+01:00  INFO 21992 --- [mutuelle-mobile] [           main] j.LocalContainerEntityManagerFactoryBean : Initialized JPA EntityManagerFactory for persistence unit 'default'
2026-04-01T12:13:38.042+01:00 DEBUG 21992 --- [mutuelle-mobile] [           main] c.m.config.JwtAuthenticationFilter       : Filter 'jwtAuthenticationFilter' configured for use
2026-04-01T12:13:38.829+01:00  WARN 21992 --- [mutuelle-mobile] [           main] JpaBaseConfiguration$JpaWebConfiguration : spring.jpa.open-in-view is enabled by default. Therefore, database queries may be performed during view rendering. Explicitly configure spring.jpa.open-in-view to disable this warning
2026-04-01T12:13:39.171+01:00  INFO 21992 --- [mutuelle-mobile] [           main] o.s.s.web.DefaultSecurityFilterChain     : Will secure any request with [org.springframework.security.web.session.DisableEncodeUrlFilter@75dc995f, org.springframework.security.web.context.request.async.WebAsyncManagerIntegrationFilter@51c660c8, org.springframework.security.web.context.SecurityContextHolderFilter@1e6a8d01, org.springframework.security.web.header.HeaderWriterFilter@7720334e, org.springframework.web.filter.CorsFilter@498102a4, org.springframework.security.web.authentication.logout.LogoutFilter@54b88247, com.mutuelle.config.JwtAuthenticationFilter@52539624, org.springframework.security.web.savedrequest.RequestCacheAwareFilter@34b4c82a, org.springframework.security.web.servletapi.SecurityContextHolderAwareRequestFilter@67e7fe73, org.springframework.security.web.authentication.AnonymousAuthenticationFilter@8829ecd, org.springframework.security.web.session.SessionManagementFilter@316987c4, org.springframework.security.web.access.ExceptionTranslationFilter@1c8746a0, org.springframework.security.web.access.intercept.AuthorizationFilter@2fb171f5]
2026-04-01T12:13:39.496+01:00  WARN 21992 --- [mutuelle-mobile] [           main] ConfigServletWebServerApplicationContext : Exception encountered during context initialization - cancelling refresh attempt: org.springframework.context.ApplicationContextException: Failed to start bean 'webServerStartStop'
2026-04-01T12:13:39.501+01:00  INFO 21992 --- [mutuelle-mobile] [           main] j.LocalContainerEntityManagerFactoryBean : Closing JPA EntityManagerFactory for persistence unit 'default'
2026-04-01T12:13:39.501+01:00  INFO 21992 --- [mutuelle-mobile] [           main] com.zaxxer.hikari.HikariDataSource       : HikariPool-1 - Shutdown initiated...
2026-04-01T12:13:39.509+01:00  INFO 21992 --- [mutuelle-mobile] [           main] com.zaxxer.hikari.HikariDataSource       : HikariPool-1 - Shutdown completed.
2026-04-01T12:13:39.522+01:00  INFO 21992 --- [mutuelle-mobile] [           main] .s.b.a.l.ConditionEvaluationReportLogger : 

Error starting ApplicationContext. To display the condition evaluation report re-run your application with 'debug' enabled.
2026-04-01T12:13:39.531+01:00 ERROR 21992 --- [mutuelle-mobile] [           main] o.s.b.d.LoggingFailureAnalysisReporter   : 

***************************
APPLICATION FAILED TO START
***************************

Description:

Web server failed to start. Port 8080 was already in use.

Action:

Identify and stop the process that's listening on port 8080 or configure this application to listen on another port.

[INFO] ------------------------------------------------------------------------
[INFO] BUILD FAILURE
[INFO] ------------------------------------------------------------------------
[INFO] Total time:  10.535 s
[INFO] Finished at: 2026-04-01T12:13:39+01:00
[INFO] ------------------------------------------------------------------------
[ERROR] Failed to execute goal org.springframework.boot:spring-boot-maven-plugin:3.2.3:run (default-cli) on project mutuelle-mobile: Process terminated with exit code: 1 -> [Help 1]
[ERROR] 
[ERROR] To see the full stack trace of the errors, re-run Maven with the -e switch.
[ERROR] Re-run Maven using the -X switch to enable full debug logging.
[ERROR] 
[ERROR] For more information about the errors and possible solutions, please read the following articles:
[ERROR] [Help 1] http://cwiki.apache.org/confluence/display/MAVEN/MojoExecutionException
